_______                    _____________________ 
__  __ \______________________  /___    |__  __ \
_  / / /__  __ \  _ \_  __ \_  / __  /| |_  /_/ /
/ /_/ /__  /_/ /  __/  / / /  /___  ___ |  ____/ 
\____/ _  .___/\___//_/ /_//_____/_/  |_/_/      
       /_/                                       
=================================================
Vehicle: FS EV
Track:   FSAE Skidpad
Date:    17/09/2025
Time:    08:51:21
=================================================
Simulation started.
Maximum speed calculated at all points.
Found all apexes on track.
Starting acceleration and deceleration.
Running: [||||||||||||||||||||||||||||||] 100 [%]
________________________________________________
|_Apex__|_Point_|_Mode__|___x___|___v___|_vmax_|
      1	      2	      1	    1.0	  10.37	  10.37
      1	      3	      1	    2.0	  10.37	  10.37
      1	      4	      1	    3.0	  10.37	  10.37
      1	      5	      1	    4.0	  10.37	  10.37
      1	      6	      1	    5.0	  10.37	  10.37
      1	      7	      1	    6.0	  10.37	  10.37
      1	      8	      1	    7.0	  10.37	  10.37
      1	      9	      1	    8.0	  10.37	  10.37
      1	     10	      1	    9.0	  10.37	  10.37
      1	     11	      1	   10.0	  10.37	  10.37
      1	     12	      1	   11.0	  10.37	  10.37
      1	     13	      1	   12.0	  10.37	  10.37
      1	     14	      1	   13.0	  10.37	  10.37
      1	     15	      1	   14.0	  10.37	  10.37
      1	     16	      1	   15.0	  10.37	  10.37
      1	     17	      1	   16.0	  10.37	  10.37
      1	     18	      1	   17.0	  10.37	  10.37
      1	     19	      1	   18.0	  10.37	  10.37
      1	     20	      1	   19.0	  10.37	  10.37
      1	     21	      1	   20.0	  10.37	  10.37
      1	     22	      1	   21.0	  10.37	  10.37
      1	     23	      1	   22.0	  10.37	  10.37
      1	     24	      1	   23.0	  10.37	  10.37
      1	     25	      1	   24.0	  10.37	  10.37
      1	     26	      1	   25.0	  10.37	  10.37
      1	     27	      1	   26.0	  10.37	  10.37
      1	     28	      1	   27.0	  10.37	  10.37
      1	     29	      1	   28.0	  10.37	  10.37
      1	     30	      1	   29.0	  10.37	  10.37
      1	     31	      1	   30.0	  10.37	  10.37
      1	     32	      1	   31.0	  10.37	  10.37
      1	     33	      1	   32.0	  10.37	  10.37
      1	     34	      1	   33.0	  10.37	  10.37
      1	     35	      1	   34.0	  10.37	  10.37
      1	     36	      1	   35.0	  10.37	  10.37
      1	     37	      1	   36.0	  10.37	  10.37
      1	     38	      1	   37.0	  10.37	  10.37
      1	     39	      1	   38.0	  10.37	  10.37
      1	     40	      1	   39.0	  10.37	  10.37
      1	     41	      1	   40.0	  10.37	  10.37
      1	     42	      1	   41.0	  10.37	  10.37
      1	     43	      1	   42.0	  10.37	  10.37
      1	     44	      1	   43.0	  10.37	  10.37
      1	     45	      1	   44.0	  10.37	  10.37
      1	     46	      1	   45.0	  10.37	  10.37
      1	     47	      1	   46.0	  10.37	  10.37
      1	     48	      1	   47.0	  10.37	  10.37
      1	     49	      1	   48.0	  10.37	  10.37
      1	     50	      1	   49.0	  10.37	  10.37
      1	     51	      1	   50.0	  10.37	  10.37
      1	     52	      1	   51.0	  10.37	  10.37
      1	     53	      1	   52.0	  10.37	  10.37
      1	     54	      1	   53.0	  10.37	  10.37
      1	     55	      1	   54.0	  10.37	  10.37
      1	     56	      1	   55.0	  10.37	  10.37
      1	     57	      1	   56.0	  10.37	  10.37
      1	     58	      1	   57.0	  10.37	  31.92
      1	     59	      1	   58.0	  10.37	  10.37
      1	     60	      1	   59.0	  10.37	  10.37
      1	     61	      1	   60.0	  10.37	  10.37
      1	     62	      1	   61.0	  10.37	  10.37
      1	     63	      1	   62.0	  10.37	  10.37
      1	     64	      1	   63.0	  10.37	  10.37
      1	     65	      1	   64.0	  10.37	  10.37
      1	     66	      1	   65.0	  10.37	  10.37
      1	     67	      1	   66.0	  10.37	  10.37
      1	     68	      1	   67.0	  10.37	  10.37
      1	     69	      1	   68.0	  10.37	  10.37
      1	     70	      1	   69.0	  10.37	  10.37
      1	     71	      1	   70.0	  10.37	  10.37
      1	     72	      1	   71.0	  10.37	  10.37
      1	     73	      1	   72.0	  10.37	  10.37
      1	     74	      1	   73.0	  10.37	  10.37
      1	     75	      1	   74.0	  10.37	  10.37
      1	     76	      1	   75.0	  10.37	  10.37
      1	     77	      1	   76.0	  10.37	  10.37
      1	     78	      1	   77.0	  10.37	  10.37
      1	     79	      1	   78.0	  10.37	  10.37
      1	     80	      1	   79.0	  10.37	  10.37
      1	     81	      1	   80.0	  10.37	  10.37
      1	     82	      1	   81.0	  10.37	  10.37
      1	     83	      1	   82.0	  10.37	  10.37
      1	     84	      1	   83.0	  10.37	  10.37
      1	     85	      1	   84.0	  10.37	  10.37
      1	     86	      1	   85.0	  10.37	  10.37
      1	     87	      1	   86.0	  10.37	  10.37
      1	     88	      1	   87.0	  10.37	  10.37
      1	     89	      1	   88.0	  10.37	  10.37
      1	     90	      1	   89.0	  10.37	  10.37
      1	     91	      1	   90.0	  10.37	  10.37
      1	     92	      1	   91.0	  10.37	  10.37
      1	     93	      1	   92.0	  10.37	  10.37
      1	     94	      1	   93.0	  10.37	  10.37
      1	     95	      1	   94.0	  10.37	  10.37
      1	     96	      1	   95.0	  10.37	  10.37
      1	     97	      1	   96.0	  10.37	  10.37
      1	     98	      1	   97.0	  10.37	  10.37
      1	     99	      1	   98.0	  10.37	  10.37
      1	    100	      1	   99.0	  10.37	  10.37
      1	    101	      1	  100.0	  10.37	  10.37
      1	    102	      1	  101.0	  10.37	  10.37
      1	    103	      1	  102.0	  10.37	  10.37
      1	    104	      1	  103.0	  10.37	  10.37
      1	    105	      1	  104.0	  10.37	  10.37
      1	    106	      1	  105.0	  10.37	  10.37
      1	    107	      1	  106.0	  10.37	  10.37
      1	    108	      1	  107.0	  10.37	  10.37
      1	    109	      1	  108.0	  10.37	  10.37
      1	    110	      1	  109.0	  10.37	  10.37
      1	    111	      1	  110.0	  10.37	  10.37
      1	    112	      1	  111.0	  10.37	  10.37
      1	    113	      1	  112.0	  10.37	  10.37
      1	    114	      1	  113.0	  10.37	  10.37
      1	    115	      1	  114.0	  10.37	  10.37
      1	    115	      2	  114.0	  10.37	  10.37
________________________________________________
Velocity profile calculated successfully.
Solver time is: 0.103711 [s]
Post-processing initialised.
Correct solution selected from modes.
Laptime calculated.
Forces calculated.
Yaw motion calculated.
Steering angles calculated.
Vehicle slip angles calculated.
Engine metrics calculated.
KPIs calculated.
Post-processing finished.
Simulation results saved.
Simulation completed.
Laptime   :  11.092 [s]
Sector   1:  10.996 [s]
Plots created and saved.
Export initialised.
Exported .csv file successfully.
Elapsed time is: 3.508300 [s]
