               _______                    ________________________________
               __  __ \______________________  __ \__  __ \__    |_  ____/
               _  / / /__  __ \  _ \_  __ \_  / / /_  /_/ /_  /| |  / __  
               / /_/ /__  /_/ /  __/  / / /  /_/ /_  _, _/_  ___ / /_/ /  
               \____/ _  .___/\___//_/ /_//_____/ /_/ |_| /_/  |_\____/   
                      /_/                                                 
=======================================================================================
Vehicle: OUR5
Date:    15/09/2025
Time:    11:48:42
=======================================================================================
Acceleration simulation started:
Initial Speed: 0 km/h
|_______Comment________|_Speed_|_Accel_|_EnRPM_|_Gear__|_Tabs__|_Xabs__|_Trel__|_Xrel_|
|______________________|[km/h]_|__[G]__|_[rpm]_|__[#]__|__[s]__|__[m]__|__[s]__|_[m]__|
Speed Trap #  1  50km/h   50.03	   0.87	   2611	      1	   1.57	  11.01	   1.57	  11.01
Speed Trap #  2 100km/h  100.01	   0.44	   5221	      1	   3.68	  56.77	   3.68	  56.77
Engine speed limited	 114.91	   0.30	   5999	      1	   4.83	  91.46	   4.83	  91.46
Average acceleration:    0.673 [G]
Peak acceleration   :    0.923 [G]
Acceleration event time: 4.306 [s]
Elapsed time is 0.055925 seconds.
===============================================================================
Deceleration simulation started:
Initial Speed: 114.9077 [km/h]
|_______Comment________|_Speed_|_Accel_|_EnRPM_|_Gear__|_Tabs__|_Xabs__|_Trel__|_Xrel_|
|______________________|[km/h]_|__[G]__|_[rpm]_|__[#]__|__[s]__|__[m]__|__[s]__|_[m]__|
Speed Trap #  2 100km/h   99.95	  -1.62	   5222	      1	   5.09	  99.12	   0.26	   7.67
Did not stop at time 5.528 s
Average deceleration:    3.461 [G]
Peak deceleration   :    1.682 [G]
Elapsed time is 0.018743 seconds.
===============================================================================
Simulation completed successfully.
Elapsed time is 0.094292 seconds.
