               _______                    ________________________________
               __  __ \______________________  __ \__  __ \__    |_  ____/
               _  / / /__  __ \  _ \_  __ \_  / / /_  /_/ /_  /| |  / __  
               / /_/ /__  /_/ /  __/  / / /  /_/ /_  _, _/_  ___ / /_/ /  
               \____/ _  .___/\___//_/ /_//_____/ /_/ |_| /_/  |_\____/   
                      /_/                                                 
=======================================================================================
Vehicle: Formula 1 mod
Date:    13/09/2025
Time:    16:40:15
=======================================================================================
Acceleration simulation started:
Initial Speed: 0 km/h
|_______Comment________|_Speed_|_Accel_|_EnRPM_|_Gear__|_Tabs__|_Xabs__|_Trel__|_Xrel_|
|______________________|[km/h]_|__[G]__|_[rpm]_|__[#]__|__[s]__|__[m]__|__[s]__|_[m]__|
Speed Trap #  1  50km/h   50.00	   0.35	   2813	      1	   3.86	  27.12	   3.86	  27.12
Did not reach maximum speed at time 6.999 s
Average acceleration:    0.350 [G]
Peak acceleration   :    0.374 [G]
Elapsed time is 0.041721 seconds.
===============================================================================
Deceleration simulation started:
Initial Speed: 86.6119 [km/h]
|_______Comment________|_Speed_|_Accel_|_EnRPM_|_Gear__|_Tabs__|_Xabs__|_Trel__|_Xrel_|
|______________________|[km/h]_|__[G]__|_[rpm]_|__[#]__|__[s]__|__[m]__|__[s]__|_[m]__|
Did not stop at time 6.999 s
Average deceleration:    Inf [G]
Peak deceleration   :    0.000 [G]
Elapsed time is 0.001485 seconds.
===============================================================================
Simulation completed successfully.
Elapsed time is 0.063606 seconds.
