               _______                    ________________________________
               __  __ \______________________  __ \__  __ \__    |_  ____/
               _  / / /__  __ \  _ \_  __ \_  / / /_  /_/ /_  /| |  / __  
               / /_/ /__  /_/ /  __/  / / /  /_/ /_  _, _/_  ___ / /_/ /  
               \____/ _  .___/\___//_/ /_//_____/ /_/ |_| /_/  |_\____/   
                      /_/                                                 
=======================================================================================
Vehicle: Formula 1
Date:    13/09/2025
Time:    16:14:21
=======================================================================================
Acceleration simulation started:
Initial Speed: 0 km/h
|_______Comment________|_Speed_|_Accel_|_EnRPM_|_Gear__|_Tabs__|_Xabs__|_Trel__|_Xrel_|
|______________________|[km/h]_|__[G]__|_[rpm]_|__[#]__|__[s]__|__[m]__|__[s]__|_[m]__|
Speed Trap #  1  50km/h   50.03	   1.20	   7228	      1	   1.45	   9.98	   1.45	   9.98
Speed Trap #  2 100km/h  100.00	   1.37	  14454	      1	   2.56	  32.91	   2.56	  32.91
Shifting to gear # 2	 124.24	  -0.14	  17965	      2	   3.05	  48.22	   3.05	  48.22
Speed Trap #  3 150km/h  150.02	   1.64	  17804	      2	   3.52	  65.98	   3.52	  65.98
Shifting to gear # 3	 151.34	  -0.21	  17967	      3	   3.56	  67.44	   3.56	  67.44
Shifting to gear # 4	 182.38	  -0.30	  17958	      4	   4.19	  97.06	   4.19	  97.06
Speed Trap #  4 200km/h  200.02	   1.04	  16429	      4	   4.65	 121.29	   4.65	 121.29
Shifting to gear # 5	 218.96	  -0.43	  17988	      5	   5.23	 154.89	   5.23	 154.89
Shifting to gear # 6	 247.49	  -0.55	  17964	      6	   6.38	 229.71	   6.38	 229.71
Speed Trap #  5 250km/h  250.02	   0.54	  15895	      6	   6.51	 238.83	   6.51	 238.83
Shifting to gear # 7	 282.51	  -0.71	  17963	      7	   8.78	 408.45	   8.78	 408.45
Speed Trap #  6 300km/h  300.00	   0.14	  16880	      7	  11.34	 616.32	  11.34	 616.32
Drag limited        	 316.28	   0.01	  17796	      7	  22.78	1606.95	  22.78	1606.95
Average acceleration:    0.393 [G]
Peak acceleration   :    1.652 [G]
Elapsed time is 0.130065 seconds.
===============================================================================
Deceleration simulation started:
Initial Speed: 316.2808 [km/h]
|_______Comment________|_Speed_|_Accel_|_EnRPM_|_Gear__|_Tabs__|_Xabs__|_Trel__|_Xrel_|
|______________________|[km/h]_|__[G]__|_[rpm]_|__[#]__|__[s]__|__[m]__|__[s]__|_[m]__|
Speed Trap #  6 300km/h  299.86	  -7.43	  16887	      7	  22.84	1612.17	   0.06	   5.22
Speed Trap #  5 250km/h  249.91	  -6.14	  15903	      6	  23.05	1628.09	   0.27	  21.13
Speed Trap #  4 200km/h  199.88	  -4.86	  16434	      4	  23.31	1644.19	   0.53	  37.24
Speed Trap #  3 150km/h  149.87	  -3.73	  17809	      2	  23.64	1660.27	   0.86	  53.31
Speed Trap #  2 100km/h   99.99	  -2.84	  14473	      1	  24.08	1675.26	   1.30	  68.31
Speed Trap #  1  50km/h   49.96	  -2.28	   7236	      1	  24.64	1686.82	   1.86	  79.87
Stopped             	   0.00	  -2.09	      0	      1	  25.30	1691.32	   2.52	  84.37
Average deceleration:    3.555 [G]
Peak deceleration   :    7.817 [G]
Elapsed time is 0.034349 seconds.
===============================================================================
Simulation completed successfully.
Elapsed time is 0.198220 seconds.
