_______                    ____________________________________ __
__  __ \______________________  __/__  __ \__    |_  ____/__  //_/
_  / / /__  __ \  _ \_  __ \_  /  __  /_/ /_  /| |  /    __  ,<   
/ /_/ /__  /_/ /  __/  / / /  /   _  _, _/_  ___ / /___  _  /| |  
\____/ _  .___/\___//_/ /_//_/    /_/ |_| /_/  |_\____/  /_/ |_|  
       /_/                                                        
==================================================================
FSAE Skidpad.xlsx
File read successfully
==================================================================
Name:          FSAE Skidpad
City:          Athens
Country:       Greece
Type:          Temporary
Configuration: Closed
Direction:     Forward
Mirror:        Off
Date:          17/09/2025
Time:          08:51:15
==================================================================
Track generation started.
Pre-processing completed.
Fine meshing completed with mesh size: 1 [m]
Apex calculation completed.
Track rotated.
Closing fine mesh map.
Fine mesh map closed.
Fine mesh map created.
Plots created and saved.
Track generated successfully.
Map:
                             o  o   o  o   o                       
                       o  o                   o                    
                    o                            o                 
                 o                                  o              
              o                                        o           
                                                         o         
            o                                              o       
          o                                                        
                                                             o     
        o                                                      o   
       o                                                           
                                                                o  
      o                                                            
                                                                 o 
     o                                                            o
                                                                   
     o                                                            o
     o                                                             
                                                                  o
     o                                                             
                                                                 o 
      o                                                            
                                                                o  
       o                                                       o   
        o                                                          
                                                              o    
          o                                                 o      
            o                                                      
                                                          o        
               o                                       o           
                 o                                  o              
                    o                            o                 
                       o  o                o  o                    
                          o   o  o  o   o                          
                    o  o                o  o                       
                 o                            o                    
              o                                  o                 
           o                                       o               
        o                                                          
                                                      o            
      o                                                 o          
    o                                                              
                                                          o        
   o                                                       o       
  o                                                                
                                                            o      
 o                                                                 
                                                             o     
o                                                                  
                                                             o     
o                                                            o     
                                                                   
o                                                            o     
 o                                                                 
                                                            o      
  o                                                                
                                                           o       
   o                                                      o        
     o                                                             
                                                        o          
       o                                              o            
         o                                                         
           o                                        o              
              o                                  o                 
                 o                            o                    
                    o                   o  o                       
                       o   o  o   o  o                             
